C:\Program Files\Microsoft Visual Studio\2022\Community\MSBuild\Microsoft\VC\v170\Microsoft.CppBuild.targets(517,5): warning MSB8004: Output Directory does not end with a trailing slash.  This build instance will add the slash as it is required to allow proper evaluation of the Output Directory.
  gamestate.cpp
C:\Users\dodor\OneDrive\Υπολογιστής\ΔΟΜΕΣ ΔΕΔΟΜΕΝΩΝ\cpp-aueb\game\gameobject.h(9,8): warning C4099: 'GameState': type name first seen using 'struct' now seen using 'class'
  (compiling source file 'gamestate.cpp')
  C:\Users\dodor\OneDrive\Υπολογιστής\ΔΟΜΕΣ ΔΕΔΟΜΕΝΩΝ\cpp-aueb\game\gamestate.h(7,8):
  see declaration of 'GameState'
  
  level.cpp
C:\Users\dodor\OneDrive\Υπολογιστής\ΔΟΜΕΣ ΔΕΔΟΜΕΝΩΝ\cpp-aueb\game\gamestate.h(7,8): warning C4099: 'GameState': type name first seen using 'class' now seen using 'struct'
  (compiling source file 'level.cpp')
  C:\Users\dodor\OneDrive\Υπολογιστής\ΔΟΜΕΣ ΔΕΔΟΜΕΝΩΝ\cpp-aueb\game\gamestate.h(7,8):
  see declaration of 'GameState'
  
  player.cpp
C:\Users\dodor\OneDrive\Υπολογιστής\ΔΟΜΕΣ ΔΕΔΟΜΕΝΩΝ\cpp-aueb\game\gamestate.h(7,8): warning C4099: 'GameState': type name first seen using 'class' now seen using 'struct'
  (compiling source file 'player.cpp')
  C:\Users\dodor\OneDrive\Υπολογιστής\ΔΟΜΕΣ ΔΕΔΟΜΕΝΩΝ\cpp-aueb\game\gamestate.h(7,8):
  see declaration of 'GameState'
  
C:\Users\dodor\OneDrive\Υπολογιστής\ΔΟΜΕΣ ΔΕΔΟΜΕΝΩΝ\cpp-aueb\game\player.cpp(76,24): warning C4267: '=': conversion from 'size_t' to 'int', possible loss of data
  projectile.cpp
C:\Users\dodor\OneDrive\Υπολογιστής\ΔΟΜΕΣ ΔΕΔΟΜΕΝΩΝ\cpp-aueb\game\gameobject.h(9,8): warning C4099: 'GameState': type name first seen using 'struct' now seen using 'class'
  (compiling source file 'projectile.cpp')
  C:\Users\dodor\OneDrive\Υπολογιστής\ΔΟΜΕΣ ΔΕΔΟΜΕΝΩΝ\cpp-aueb\game\gamestate.h(7,8):
  see declaration of 'GameState'
  
  ribbon.cpp
C:\Users\dodor\OneDrive\Υπολογιστής\ΔΟΜΕΣ ΔΕΔΟΜΕΝΩΝ\cpp-aueb\game\gameobject.h(9,8): warning C4099: 'GameState': type name first seen using 'struct' now seen using 'class'
  (compiling source file 'ribbon.cpp')
  C:\Users\dodor\OneDrive\Υπολογιστής\ΔΟΜΕΣ ΔΕΔΟΜΕΝΩΝ\cpp-aueb\game\gamestate.h(7,8):
  see declaration of 'GameState'
  
  Generating Code...
gameobject.obj : warning LNK4099: PDB '' was not found with 'gameobject.obj' or at ''; linking object as if no debug info
main.obj : warning LNK4099: PDB '' was not found with 'main.obj' or at ''; linking object as if no debug info
sggd.lib(graphics.obj) : warning LNK4099: PDB '' was not found with 'sggd.lib(graphics.obj)' or at ''; linking object as if no debug info
sggd.lib(GLbackend.obj) : warning LNK4099: PDB '' was not found with 'sggd.lib(GLbackend.obj)' or at ''; linking object as if no debug info
sggd.lib(shader.obj) : warning LNK4099: PDB '' was not found with 'sggd.lib(shader.obj)' or at ''; linking object as if no debug info
sggd.lib(fonts.obj) : warning LNK4099: PDB '' was not found with 'sggd.lib(fonts.obj)' or at ''; linking object as if no debug info
sggd.lib(texture.obj) : warning LNK4099: PDB '' was not found with 'sggd.lib(texture.obj)' or at ''; linking object as if no debug info
sggd.lib(AudioManager.obj) : warning LNK4099: PDB '' was not found with 'sggd.lib(AudioManager.obj)' or at ''; linking object as if no debug info
sggd.lib(lodepng.obj) : warning LNK4099: PDB '' was not found with 'sggd.lib(lodepng.obj)' or at ''; linking object as if no debug info
  game.vcxproj -> C:\Users\dodor\OneDrive\Υπολογιστής\ΔΟΜΕΣ ΔΕΔΟΜΕΝΩΝ\cpp-aueb\game\bin\game.exe
